[18:58:06] [ServerMain/INFO]: Environment: authHost='https://authserver.mojang.com', accountsHost='https://api.mojang.com', sessionHost='https://sessionserver.mojang.com', servicesHost='https://api.minecraftservices.com', name='PROD'
[18:58:06] [ServerMain/INFO]: Found new data pack file/bukkit, loading it automatically
[18:58:07] [ServerMain/INFO]: Loaded 7 recipes
[18:58:09] [Server thread/INFO]: Starting minecraft server version 1.19.4
[18:58:09] [Server thread/INFO]: Loading properties
[18:58:09] [Server thread/INFO]: This server is running Paper version git-Paper-521 (MC: 1.19.4) (Implementing API version 1.19.4-R0.1-SNAPSHOT) (Git: bcec5b1)
[18:58:09] [Server thread/INFO]: Server Ping Player Sample Count: 12
[18:58:09] [Server thread/INFO]: Using 4 threads for Netty based IO
[18:58:09] [Server thread/INFO]: [ChunkTaskScheduler] Chunk system is using 1 I/O threads, 1 worker threads, and gen parallelism of 1 threads
[18:58:09] [Server thread/WARN]: [!] The timings profiler has been enabled but has been scheduled for removal from Paper in the future.
    We recommend installing the spark profiler as a replacement: https://spark.lucko.me/
    For more information please visit: https://github.com/PaperMC/Paper/issues/8948
[18:58:09] [Server thread/INFO]: Default game type: SURVIVAL
[18:58:09] [Server thread/INFO]: Generating keypair
[18:58:10] [Server thread/INFO]: Starting Minecraft server on *:25565
[18:58:10] [Server thread/INFO]: Using epoll channel type
[18:58:10] [Server thread/INFO]: Paper: Using libdeflate (Linux x86_64) compression from Velocity.
[18:58:10] [Server thread/INFO]: Paper: Using OpenSSL 1.1.x (Linux x86_64) cipher from Velocity.
[18:58:10] [Server thread/INFO]: Preparing level "world"
[18:58:27] [Server thread/INFO]: Preparing start region for dimension minecraft:overworld
[18:58:27] [Server thread/INFO]: Time elapsed: 187 ms
[18:58:27] [Server thread/INFO]: Preparing start region for dimension minecraft:the_nether
[18:58:27] [Server thread/INFO]: Time elapsed: 107 ms
[18:58:27] [Server thread/INFO]: Preparing start region for dimension minecraft:the_end
[18:58:27] [Server thread/INFO]: Time elapsed: 139 ms
[18:58:27] [Server thread/INFO]: Running delayed init tasks
[18:58:27] [Server thread/INFO]: Done (18.757s)! For help, type "help"
[18:58:27] [Server thread/INFO]: Timings Reset
[18:58:52] [User Authenticator #0/INFO]: UUID of player YourMommaGae is f3bb440f-5146-4788-93ca-199746d104fe
[18:58:52] [Server thread/INFO]: YourMommaGae joined the game
[18:58:52] [Server thread/INFO]: YourMommaGae[/98.168.153.179:52525] logged in with entity id 21 at ([world]24.5, 71.0, 244.5)
